
 HyperLynx Thermal Version 9.0
 Copyright Mentor Graphics Corporation 1988-2008
 All Rights Reserved.

 ** File Name: D:\PROJECT\PCB\ECG\PCB\ECG_COPPER_backup_PCB\ECG_COPPER_backup_HLThermal.exp





           ***  Summary of  Analysis  *** 



     Air Flow comes from (see side 1)Bottom
     Forced Air V, side 1,   ft/m    196.8
                   side 2,   ft/m    196.8
     Incoming Air Temp.      C        20.0
     Air Pressure,           Atm.      1.0
     Air Humidity Ratio                0.5
     Gravity, g                       1.00

     System total Open 0, Close 1,   
      only front open 2, back open 3.   0
     Gravity Direction    -Z
     Board Space side 1      in       0.79
                 side 2      in       0.79
     Adj. Board Power side 1 W        10.0
                      side 2 W        10.0
     Adj. Wall Temp.  side 1 C          25
           (if used)  side 2 C          25
     Emissivity of this board         0.65
     Emiss. Adj. Wall side 1          0.65
      0.65
     Board Location, 0, .5, 1, 1.5     1.0
     (0=test, .5=left,1=in,1.5=right)
     Channel 1 One-sided (0.0)          0
     Board Thickness Total   in      0.013
Thickness plane layer Top in          0.001
Thickness dielectric layer Substrate in     0.010
Thickness plane layer Bottom in          0.001
               Base Mat. Cond. W/inC    0.02184
           Wire Conductivity W/inC      9.80439
     Typical Metal Vol. Fraction        0.20470
     Typical Average Conduct.  W/inC    2.02433


     Board Width (xmax)      in       7.09
     Board Length (ymax)     in       2.76
     Mesh Maximum Width      in      0.215
     Mesh Maximum Length     in      0.145
     Total Regular Mesh No. in X        33
     Total Regular Mesh No. in Y        19



     Boundary Conditions at edges of Board:
     Anywhere not listed, is insulated edge.

      side  X/Y in.  resist(C-in/W)  SINK C 

 PACKAGES OVERLAP; CHECK PLACEMENT OF U-001    J3 at X,Y inch   3.9   0.2

 PACKAGES OVERLAP; CHECK PLACEMENT OF    U6    C1 at X,Y inch   6.8   0.6

 PACKAGES OVERLAP; CHECK PLACEMENT OF    U5    C7 at X,Y inch   6.9   1.8

 PACKAGES OVERLAP; CHECK PLACEMENT OF    U1   TP4 at X,Y inch   4.3   1.0

 PACKAGES OVERLAP; CHECK PLACEMENT OF   TP4    U1 at X,Y inch   2.1   0.3

 PACKAGES OVERLAP; CHECK PLACEMENT OF    J3 U-001 at X,Y inch   5.2   3.1

 PACKAGES OVERLAP; CHECK PLACEMENT OF    C7    U5 at X,Y inch   5.7   1.9

 PACKAGES OVERLAP; CHECK PLACEMENT OF    C1    U6 at X,Y inch   5.8   0.7


 Side  Nat.conv.ft/s  combined V ft/s  
    1         0.07         3.28

 Side  Nat.conv.ft/s  combined V ft/s  
    2         0.07         3.28

 Side  Nat.conv.ft/s  combined V ft/s  
    1         0.07         3.28

 Side  Nat.conv.ft/s  combined V ft/s  
    2         0.07         3.28


 OUTPUT OF  BOARD ANALYSIS


 TOTAL POWER (W) SIDE 1 =   32.14  SIDE 2 =    0.00

                                       SIDE 1      SIDE 2
 Representative EXIT AIR  T(C)          84.5        84.5

       TOTAL ITERATION NO.     PACKAGE T ERROR C
                  321               0.00



   Side Ref.Des. Tc(C) Tj(C)   X1  Y1(in) Q(W)  Part Name       Tair(C)
   1  U-001      29.2  25.0   4.4   1.8  0.000          Screw_#6  20.4
   1     U6      69.8  69.8   5.7   0.6  1.077            LM7805  20.4
   1     U5      72.3  72.3   5.6   1.7  1.357            LM3940  25.4
   1     U4      86.6  86.6   2.7   2.1  1.268       SN74LVC245A  72.2
   1     U3      72.6  72.6   0.7   0.5  0.934             TL064  25.9
   1     U2      73.9  73.9   0.7   1.4  0.934             TL064  26.3
   1     U1      89.3  89.3   2.0   0.2  9.894       ATMEGA128PL  20.3
   1    TP4      83.4  83.4   3.5   0.1  0.000                TP  20.2
   1    TP3      70.1  70.1   1.5   0.8  0.000                TP  20.8
   1    TP2      69.0  69.0   1.4   1.7  0.000                TP  28.0
   1    TP1      66.0  66.0   1.2   2.2  0.000                TP  27.4
   1     R9      64.2  64.2   0.7   0.0  0.000               RES  20.3
   1     R8      67.2  67.2   1.3   2.1  0.000               RES  27.8
   1     R7      67.8  67.8   1.3   2.0  0.000               RES  26.1
   1     R6      64.1  64.1   0.7   2.6  0.000               RES  29.7
   1     R5      64.5  64.5   0.7   2.5  0.000               RES  28.3
   1     R4      65.2  65.2   0.7   2.4  0.000               RES  29.1
   1     R3      66.3  66.3   0.7   2.2  0.000               RES  30.8
   1    R23      81.5  81.5   2.6   2.1  0.000               RES  78.0
   1    R21      66.7  66.7   0.7   0.3  0.000               RES  24.9
   1    R20      65.2  65.2   0.7   0.2  0.000               RES  23.4
   1     R2      67.6  67.6   0.7   2.1  0.000               RES  26.0
   1    R19      68.9  68.9   1.4   0.4  0.000               RES  20.5
   1    R18      68.2  68.2   1.3   0.4  0.000               RES  21.9
   1    R17      78.4  78.4   1.9   0.8  0.000               RES  20.8
   1    R16      70.3  70.3   1.2   1.4  0.000               RES  23.4
   1    R15      71.5  71.5   1.8   1.5  0.000               RES  24.1
   1    R14      70.1  70.1   1.2   1.5  0.000               RES  23.2
   1    R13      69.7  69.7   1.2   1.6  0.000               RES  26.8
   1    R12      66.2  66.2   0.6   0.2  0.000               RES  21.8
   1    R11      72.5  72.5   0.6   1.2  0.000               RES  24.2
   1    R10      66.1  66.1   0.4   0.2  0.000               RES  20.4
   1     R1      55.8  55.8   6.8   0.8  0.000               RES  21.6
   1   PWR2      71.8  71.8   5.4   1.0  0.591           ICL7660  27.4
   1     J7      66.8  66.8   0.1   0.1  0.125              HOLE  20.1
   1     J6      59.3  59.3   6.8   2.5  0.125              HOLE  23.0
   1     J5      56.9  56.9   6.8   0.1  0.125              HOLE  20.1
   1     J4      68.5  68.5   0.1   2.5  0.125              HOLE  34.5
   1     J3      85.3  85.3   3.8   0.0  13.527     TFT_SZH-EK096  20.1
   1     J2      78.0  78.0   0.0   0.8  2.000  DSUB_9PIN_FEMALE  25.8
   1     J1      55.0  55.0   6.7   0.3  0.000         DG127-5_0  22.8
   1     D2      75.0  75.0   1.7   0.9  0.063             LM385  20.9
   1     D1      56.2  56.2   6.7   1.4  0.000               LED  24.8
   1     C9      81.3  81.3   2.7   2.5  0.000              CAP_  52.0
   1     C8      60.0  60.0   6.5   2.2  0.000              CAP_  23.6
   1     C7      58.1  58.1   6.4   1.6  0.000              CAP_  24.2
   1     C6      69.9  69.9   1.4   1.0  0.000              CAP_  21.4
   1     C5      68.9  68.9   1.2   1.7  0.000              CAP_  27.3
   1     C4      68.7  68.7   5.4   0.7  0.000              CAP_  20.5
   1     C3      68.5  68.5   5.5   1.5  0.000              CAP_  38.4
   1     C2      57.6  57.6   6.4   1.0  0.000              CAP_  22.3
   1     C1      58.6  58.6   6.4   0.4  0.000              CAP_  20.3



 Display of Board Temperature Map, degree C. 

 Total X length (mm) = 180.00 Divided into  66 meshes
 Total Y length (mm) =  70.00 Divided into  38 meshes

 Display starts at the first Y column, from bottom to top.
 Then, next Y column at next larger X values, for all board.

 X MESH =   1
 66.4 66.5 66.6 66.7 66.9 67.3 67.9 68.7 69.6 70.8
 72.2 73.3 74.2 74.9 75.3 75.7 75.9 76.0 76.1 76.1
 76.1 76.0 75.8 75.5 75.2 74.6 73.9 72.9 71.8 70.8
 69.9 69.3 68.7 68.4 68.3 68.2 68.2 68.1
 X MESH =   2
 66.3 66.3 66.5 66.6 66.9 67.2 67.8 68.6 69.5 70.7
 72.0 73.2 74.0 74.7 75.2 75.5 75.8 75.9 76.0 76.0
 76.0 75.9 75.7 75.4 75.0 74.5 73.8 72.8 71.7 70.7
 69.8 69.2 68.6 68.3 68.2 68.1 68.0 68.0
 X MESH =   3
 66.0 66.1 66.2 66.5 66.7 67.1 67.7 68.4 69.3 70.4
 71.8 72.9 73.7 74.4 74.9 75.3 75.5 75.7 75.8 75.8
 75.8 75.6 75.5 75.2 74.8 74.2 73.5 72.6 71.4 70.5
 69.6 68.9 68.4 68.0 67.9 67.8 67.7 67.7
 X MESH =   4
 65.6 65.7 66.0 66.2 66.5 67.0 67.5 68.2 69.0 70.1
 71.4 72.5 73.2 73.9 74.4 74.8 75.0 75.1 75.2 75.2
 75.2 75.1 75.0 74.7 74.3 73.8 73.1 72.2 71.2 70.2
 69.3 68.6 68.1 67.7 67.4 67.3 67.2 67.1
 X MESH =   5
 65.2 65.4 65.7 66.0 66.3 66.8 67.3 67.9 68.7 69.6
 70.9 71.9 72.7 73.3 73.7 74.0 74.1 74.2 74.3 74.4
 74.4 74.4 74.3 74.1 73.7 73.3 72.6 71.8 70.7 69.8
 69.0 68.2 67.6 67.1 66.9 66.6 66.4 66.4
 X MESH =   6
 65.0 65.1 65.5 65.9 66.4 66.9 67.7 68.3 69.0 69.9
 70.8 71.8 72.2 72.8 73.0 73.3 73.4 73.5 73.6 73.7
 73.8 73.8 73.8 73.6 73.4 72.9 72.4 71.6 70.5 69.6
 68.6 67.8 67.1 66.6 66.2 66.0 65.8 65.7
 X MESH =   7
 64.9 65.1 65.5 66.0 66.6 67.6 68.4 69.4 70.0 70.6
 71.4 71.7 72.2 72.4 72.6 72.7 72.8 72.9 73.1 73.3
 73.4 73.5 73.4 73.4 73.1 72.8 72.3 71.5 70.5 69.3
 68.3 67.4 66.7 66.1 65.7 65.4 65.2 65.1
 X MESH =   8
 64.8 65.1 65.5 66.1 66.8 67.8 69.1 70.0 70.6 71.2
 71.5 71.8 72.0 72.1 72.2 72.3 72.3 72.4 72.7 72.9
 73.1 73.2 73.2 73.1 72.9 72.7 72.2 71.5 70.3 69.2
 68.0 67.1 66.4 65.8 65.4 65.0 64.8 64.7
 X MESH =   9
 64.9 65.1 65.6 66.2 66.9 68.0 69.2 70.2 70.8 71.2
 71.5 71.7 71.9 71.9 72.0 72.0 72.0 72.1 72.4 72.7
 72.8 72.9 72.9 72.9 72.7 72.4 72.0 71.3 70.1 69.0
 67.9 66.9 66.2 65.7 65.2 64.9 64.7 64.6
 X MESH =  10
 65.1 65.3 65.7 66.3 67.0 68.0 69.0 69.9 70.4 70.8
 71.1 71.2 71.4 71.5 71.5 71.5 71.5 71.6 71.8 72.1
 72.2 72.3 72.2 72.2 71.9 71.7 71.3 70.6 69.7 68.5
 67.7 66.8 66.2 65.6 65.2 64.8 64.6 64.5
 X MESH =  11
 65.3 65.5 65.9 66.4 67.0 67.6 68.6 69.2 69.7 70.0
 70.2 70.4 70.6 70.7 70.8 70.9 70.8 70.9 71.1 71.2
 71.3 71.2 71.2 70.9 70.7 70.4 70.0 69.6 68.7 68.1
 67.2 66.6 66.0 65.6 65.2 64.9 64.7 64.6
 X MESH =  12
 65.9 66.1 66.4 66.9 67.3 67.9 68.4 68.9 69.2 69.5
 69.7 69.9 70.1 70.2 70.4 70.4 70.5 70.5 70.6 70.7
 70.6 70.6 70.4 70.2 69.9 69.6 69.2 68.7 68.2 67.6
 67.1 66.6 66.2 65.7 65.4 65.1 64.9 64.8
 X MESH =  13
 66.8 66.9 67.2 67.5 68.0 68.3 68.7 69.0 69.3 69.4
 69.6 69.7 69.9 70.1 70.2 70.3 70.3 70.4 70.4 70.4
 70.4 70.3 70.1 69.9 69.6 69.2 68.9 68.5 67.9 67.6
 67.1 66.7 66.3 66.0 65.7 65.5 65.3 65.3
 X MESH =  14
 67.9 68.0 68.3 68.6 68.9 69.2 69.5 69.7 69.9 70.0
 70.0 70.2 70.3 70.5 70.5 70.6 70.7 70.7 70.6 70.6
 70.5 70.4 70.1 69.9 69.6 69.3 68.9 68.5 68.1 67.7
 67.4 67.0 66.8 66.5 66.2 66.0 65.9 65.8
 X MESH =  15
 69.2 69.4 69.7 69.9 70.2 70.5 70.8 70.9 71.1 71.2
 71.2 71.2 71.3 71.3 71.3 71.4 71.4 71.4 71.3 71.1
 71.0 70.8 70.6 70.4 70.1 69.7 69.3 68.9 68.5 68.2
 67.9 67.6 67.3 67.1 66.9 66.7 66.6 66.5
 X MESH =  16
 70.9 71.0 71.3 71.6 72.0 72.2 72.5 72.6 72.8 72.8
 72.8 72.8 72.8 72.7 72.8 72.8 72.9 72.8 72.6 72.5
 72.2 72.0 71.7 71.4 71.2 70.8 70.3 69.9 69.5 69.2
 68.8 68.5 68.2 68.0 67.7 67.6 67.4 67.4
 X MESH =  17
 72.7 72.9 73.3 73.7 74.0 74.4 74.6 74.8 74.9 75.0
 75.0 74.9 74.8 74.8 74.9 75.0 75.0 74.9 74.8 74.4
 74.1 73.8 73.5 73.2 72.9 72.5 72.1 71.6 71.1 70.6
 70.2 69.8 69.4 69.1 68.8 68.6 68.5 68.4
 X MESH =  18
 74.8 75.0 75.7 76.1 76.7 77.0 77.3 77.5 77.6 77.7
 77.7 77.6 77.4 77.4 77.4 77.5 77.6 77.5 77.4 77.1
 76.9 76.5 76.2 75.9 75.5 75.2 74.5 74.0 73.0 72.5
 71.7 71.3 70.8 70.4 70.0 69.8 69.6 69.5
 X MESH =  19
 77.1 77.5 78.2 79.0 79.6 80.2 80.5 80.7 80.8 80.9
 80.8 80.7 80.5 80.4 80.4 80.5 80.5 80.6 80.6 80.6
 80.3 80.1 79.9 79.5 79.2 78.5 77.9 76.7 75.7 74.5
 73.8 72.9 72.4 71.8 71.5 71.1 70.9 70.8
 X MESH =  20
 79.1 79.5 80.5 81.3 82.1 82.7 83.0 83.2 83.3 83.4
 83.4 83.2 83.1 83.0 83.0 83.0 83.0 83.1 83.2 83.2
 83.1 82.9 82.7 82.4 82.0 81.4 80.5 79.3 77.8 76.6
 75.5 74.7 73.9 73.4 72.9 72.5 72.3 72.2
 X MESH =  21
 80.8 81.3 82.2 83.2 84.0 84.6 84.9 85.1 85.2 85.3
 85.2 85.3 85.1 85.1 85.1 85.1 85.1 85.1 85.2 85.1
 85.0 84.9 84.7 84.5 84.1 83.5 82.6 81.3 79.8 78.4
 77.3 76.3 75.5 74.8 74.3 73.9 73.7 73.6
 X MESH =  22
 82.1 82.6 83.5 84.5 85.3 85.8 86.1 86.3 86.4 86.5
 86.5 86.5 86.5 86.5 86.5 86.5 86.5 86.5 86.5 86.5
 86.4 86.3 86.1 85.9 85.6 84.9 84.1 82.8 81.3 79.9
 78.8 77.8 77.0 76.3 75.8 75.4 75.1 74.9
 X MESH =  23
 83.0 83.4 84.4 85.2 86.0 86.5 86.8 87.0 87.1 87.2
 87.2 87.2 87.2 87.2 87.2 87.2 87.2 87.2 87.2 87.2
 87.1 87.0 86.8 86.6 86.3 85.8 85.0 83.9 82.4 81.2
 80.1 79.2 78.4 77.8 77.2 76.8 76.5 76.3
 X MESH =  24
 83.6 84.1 84.9 85.7 86.4 86.9 87.2 87.4 87.5 87.6
 87.7 87.7 87.7 87.7 87.7 87.7 87.7 87.7 87.7 87.6
 87.6 87.5 87.4 87.1 86.9 86.4 85.7 84.6 83.4 82.3
 81.4 80.6 79.9 79.3 78.6 78.2 77.8 77.7
 X MESH =  25
 84.1 84.5 85.3 86.0 86.7 87.2 87.4 87.6 87.8 87.8
 87.9 87.9 87.9 88.0 88.0 88.0 88.0 88.0 87.9 87.9
 87.8 87.8 87.6 87.5 87.2 86.8 86.2 85.4 84.2 83.4
 82.6 82.0 81.4 80.8 80.1 79.6 79.2 79.0
 X MESH =  26
 84.4 84.8 85.5 86.3 86.9 87.3 87.6 87.8 87.9 88.0
 88.0 88.1 88.1 88.1 88.1 88.1 88.1 88.1 88.1 88.1
 88.0 87.9 87.8 87.7 87.5 87.1 86.6 85.9 85.1 84.3
 83.8 83.3 82.8 82.2 81.3 80.7 80.3 80.1
 X MESH =  27
 84.5 84.9 85.7 86.4 87.0 87.4 87.7 87.9 88.0 88.1
 88.1 88.2 88.2 88.2 88.2 88.2 88.2 88.2 88.2 88.1
 88.1 88.0 87.9 87.8 87.7 87.4 87.0 86.5 85.8 85.4
 84.9 84.5 84.1 83.2 82.3 81.5 81.1 80.8
 X MESH =  28
 84.6 85.0 85.8 86.4 87.1 87.5 87.7 87.9 88.0 88.1
 88.1 88.2 88.2 88.2 88.2 88.2 88.2 88.2 88.2 88.2
 88.1 88.1 88.0 87.9 87.8 87.5 87.2 86.8 86.3 85.9
 85.6 85.3 84.9 84.0 82.9 82.1 81.6 81.4
 X MESH =  29
 84.7 85.0 85.8 86.5 87.1 87.5 87.7 87.9 88.0 88.1
 88.1 88.2 88.2 88.2 88.2 88.2 88.2 88.2 88.2 88.1
 88.1 88.0 88.0 87.9 87.8 87.6 87.3 86.9 86.5 86.1
 85.9 85.5 85.1 84.4 83.3 82.5 82.1 81.8
 X MESH =  30
 84.6 85.0 85.7 86.4 87.0 87.4 87.7 87.8 87.9 88.0
 88.1 88.1 88.1 88.1 88.1 88.1 88.1 88.1 88.1 88.0
 88.0 87.9 87.9 87.8 87.7 87.5 87.3 86.9 86.5 86.2
 86.0 85.6 85.3 84.6 83.5 82.8 82.2 82.0
 X MESH =  31
 84.5 84.9 85.6 86.3 86.9 87.3 87.6 87.7 87.8 87.9
 88.0 88.0 88.0 88.0 88.0 88.0 88.0 87.9 87.9 87.8
 87.8 87.7 87.7 87.6 87.5 87.3 87.1 86.8 86.4 86.1
 85.9 85.6 85.2 84.5 83.5 82.7 82.2 81.9
 X MESH =  32
 84.3 84.7 85.4 86.1 86.7 87.1 87.4 87.5 87.6 87.7
 87.7 87.7 87.7 87.7 87.7 87.7 87.6 87.6 87.5 87.5
 87.4 87.3 87.2 87.2 87.1 86.9 86.7 86.4 86.1 85.9
 85.7 85.4 85.0 84.3 83.2 82.5 81.9 81.6
 X MESH =  33
 84.1 84.4 85.1 85.7 86.4 86.8 87.0 87.2 87.3 87.4
 87.4 87.4 87.4 87.3 87.3 87.2 87.2 87.1 87.0 86.9
 86.8 86.7 86.6 86.5 86.4 86.2 86.0 85.8 85.6 85.4
 85.3 85.0 84.7 83.9 82.8 81.9 81.4 81.1
 X MESH =  34
 83.8 84.1 84.6 85.2 85.8 86.2 86.4 86.6 86.7 86.7
 86.7 86.7 86.6 86.6 86.5 86.4 86.3 86.2 86.0 85.9
 85.6 85.5 85.2 85.1 84.9 84.7 84.6 84.4 84.4 84.2
 84.2 84.0 83.7 83.0 82.0 81.1 80.6 80.3
 X MESH =  35
 83.3 83.5 84.0 84.5 85.0 85.3 85.5 85.6 85.7 85.7
 85.7 85.7 85.6 85.5 85.4 85.1 85.0 84.7 84.5 84.2
 83.9 83.5 83.3 82.9 82.7 82.5 82.3 82.3 82.3 82.4
 82.4 82.4 82.1 81.6 80.6 79.9 79.4 79.2
 X MESH =  36
 82.8 83.1 83.4 83.8 84.1 84.4 84.5 84.6 84.6 84.7
 84.6 84.5 84.3 84.2 83.9 83.7 83.3 83.1 82.5 82.2
 81.5 81.2 80.4 80.1 79.5 79.3 79.1 79.0 79.3 79.5
 79.9 79.8 79.9 79.4 79.1 78.4 78.1 77.9
 X MESH =  37
 82.4 82.5 82.8 83.0 83.2 83.3 83.5 83.5 83.5 83.4
 83.3 83.2 83.0 82.7 82.4 82.0 81.6 80.9 80.4 79.6
 78.9 77.9 77.2 76.2 75.6 75.1 74.9 74.9 75.2 75.7
 76.1 76.7 76.8 77.1 76.8 76.8 76.5 76.4
 X MESH =  38
 82.0 82.1 82.2 82.3 82.4 82.5 82.6 82.6 82.5 82.4
 82.3 82.1 81.8 81.5 81.0 80.5 79.8 79.1 78.1 77.3
 75.8 74.8 73.0 72.1 70.3 69.7 69.3 69.4 70.4 70.9
 72.4 72.9 74.0 74.4 74.9 74.9 74.9 74.9
 X MESH =  39
 81.5 81.6 81.7 81.8 81.8 81.9 81.9 81.8 81.7 81.6
 81.4 81.1 80.8 80.3 79.8 79.1 78.3 77.2 76.1 74.5
 73.0 70.8 69.0 66.4 64.6 63.0 62.6 63.2 64.1 66.0
 67.5 69.5 70.6 72.0 72.5 73.1 73.1 73.2
 X MESH =  40
 81.1 81.1 81.2 81.3 81.3 81.3 81.2 81.2 81.0 80.9
 80.6 80.3 79.9 79.4 78.7 77.9 76.9 75.7 74.0 72.3
 69.7 67.4 63.3 60.7 54.2 52.6 52.2 52.7 56.4 58.3
 63.1 65.1 67.9 69.2 70.6 71.2 71.6 71.7
 X MESH =  41
 80.6 80.7 80.7 80.8 80.8 80.8 80.7 80.6 80.5 80.3
 80.0 79.6 79.2 78.5 77.8 76.8 75.7 74.1 72.4 69.7
 67.0 62.4 58.3 50.3 43.8 38.5 38.1 40.8 44.5 51.0
 55.7 61.3 64.1 67.0 68.4 69.6 70.0 70.3
 X MESH =  42
 80.2 80.2 80.3 80.3 80.3 80.3 80.2 80.1 79.9 79.7
 79.4 79.0 78.5 77.9 77.1 76.1 74.8 73.2 71.1 68.4
 65.0 60.4 54.7 46.7 36.5 31.1 30.8 33.5 38.7 45.2
 52.7 58.3 62.3 65.2 67.2 68.5 69.0 69.3
 X MESH =  43
 79.7 79.7 79.8 79.8 79.8 79.8 79.7 79.6 79.4 79.2
 78.9 78.5 78.0 77.4 76.6 75.6 74.3 72.7 70.6 67.9
 64.5 59.9 54.1 46.1 35.9 30.6 30.3 32.4 37.5 43.8
 51.3 57.4 61.4 64.6 66.5 67.8 68.4 68.7
 X MESH =  44
 79.2 79.2 79.2 79.3 79.3 79.2 79.2 79.1 78.9 78.7
 78.4 78.1 77.6 77.0 76.3 75.2 74.2 72.5 70.8 68.0
 65.3 60.7 56.5 48.5 42.0 36.7 36.3 38.4 41.3 47.6
 52.7 58.8 61.8 64.9 66.5 67.8 68.2 68.4
 X MESH =  45
 78.5 78.6 78.6 78.7 78.7 78.7 78.6 78.5 78.4 78.2
 77.9 77.6 77.2 76.7 76.0 75.2 74.1 73.0 71.2 69.5
 66.8 64.5 60.3 57.7 51.1 49.5 49.1 49.5 52.3 54.2
 59.3 61.4 64.4 65.9 67.5 68.1 68.5 68.6
 X MESH =  46
 77.8 77.8 77.9 77.9 77.9 77.9 77.9 77.8 77.7 77.6
 77.4 77.1 76.8 76.3 75.8 75.0 74.3 73.1 72.0 70.3
 68.8 66.5 64.6 61.9 60.0 58.4 57.9 58.3 59.1 60.9
 62.4 64.5 65.8 67.2 68.0 68.6 68.7 68.8
 X MESH =  47
 76.8 76.9 77.0 77.0 77.1 77.1 77.1 77.0 76.9 76.9
 76.7 76.5 76.2 75.9 75.4 74.9 74.2 73.5 72.4 71.5
 70.0 68.9 67.0 65.9 64.1 63.4 62.9 62.9 63.7 64.2
 65.7 66.4 67.6 68.1 68.8 68.9 69.0 69.0
 X MESH =  48
 75.6 75.7 75.8 75.8 75.9 75.9 76.0 76.0 75.9 75.8
 75.8 75.6 75.5 75.2 74.9 74.5 74.1 73.4 72.8 71.9
 71.0 69.9 69.1 68.0 67.3 66.6 66.3 66.3 66.4 66.9
 67.3 67.9 68.3 68.8 68.9 69.1 68.9 68.9
 X MESH =  49
 74.1 74.2 74.3 74.4 74.5 74.6 74.6 74.7 74.6 74.6
 74.6 74.6 74.4 74.4 74.1 74.0 73.6 73.2 72.6 72.1
 71.3 70.7 69.8 69.2 68.5 68.2 67.9 67.7 67.8 67.9
 68.2 68.3 68.7 68.7 68.9 68.8 68.6 68.5
 X MESH =  50
 72.1 72.2 72.3 72.5 72.6 72.7 72.8 72.9 73.0 73.0
 73.0 73.0 73.1 73.0 73.2 73.0 72.9 72.6 72.2 71.7
 71.0 70.4 69.9 69.4 69.0 68.7 68.4 68.3 68.2 68.2
 68.1 68.2 68.2 68.2 68.1 68.0 67.8 67.7
 X MESH =  51
 69.6 69.7 69.9 70.1 70.3 70.5 70.6 70.8 70.8 70.9
 70.9 71.0 71.1 71.5 71.6 71.9 71.8 71.7 71.3 70.9
 70.2 69.7 69.2 68.8 68.5 68.2 68.0 67.7 67.6 67.4
 67.4 67.2 67.1 67.0 66.9 66.7 66.6 66.5
 X MESH =  52
 67.5 67.6 67.8 68.0 68.3 68.5 68.8 69.0 69.2 69.3
 69.5 69.6 69.9 70.2 70.7 70.9 71.0 70.9 70.7 70.3
 69.6 69.0 68.7 68.3 68.2 67.9 67.7 67.5 67.3 67.1
 66.7 66.5 66.2 66.0 65.8 65.6 65.5 65.4
 X MESH =  53
 65.7 65.8 66.1 66.4 66.6 67.0 67.3 67.7 68.0 68.3
 68.5 68.8 69.1 69.6 70.0 70.4 70.5 70.5 70.3 69.8
 69.1 68.6 68.3 68.1 68.0 67.9 67.7 67.5 67.3 66.9
 66.5 66.0 65.7 65.3 65.0 64.8 64.6 64.5
 X MESH =  54
 64.1 64.3 64.6 64.9 65.2 65.6 66.1 66.5 67.1 67.4
 67.8 68.1 68.3 68.8 69.2 69.5 69.6 69.6 69.4 69.0
 68.4 67.9 67.8 67.7 67.8 67.8 67.7 67.5 67.2 66.8
 66.2 65.7 65.1 64.7 64.3 64.0 63.8 63.8
 X MESH =  55
 62.8 62.9 63.2 63.6 64.0 64.5 65.1 65.7 66.3 66.8
 67.1 67.3 67.6 67.8 68.1 68.3 68.3 68.3 68.1 67.9
 67.3 67.1 67.0 67.2 67.4 67.6 67.5 67.4 67.1 66.6
 66.0 65.2 64.7 64.1 63.7 63.4 63.2 63.1
 X MESH =  56
 61.6 61.7 62.1 62.5 62.9 63.5 64.2 64.8 65.6 66.1
 66.5 66.7 66.7 66.9 66.8 66.9 66.8 66.8 66.7 66.4
 66.3 66.1 66.3 66.5 67.0 67.2 67.3 67.2 66.9 66.4
 65.6 64.9 64.1 63.6 63.1 62.8 62.5 62.4
 X MESH =  57
 60.5 60.7 61.0 61.5 61.9 62.6 63.3 64.1 64.9 65.5
 65.9 65.9 65.9 65.6 65.6 65.3 65.2 65.1 65.0 65.0
 64.8 65.0 65.2 65.8 66.4 66.9 67.0 67.0 66.7 66.1
 65.2 64.4 63.6 63.0 62.6 62.2 62.0 61.8
 X MESH =  58
 59.6 59.7 60.1 60.5 61.0 61.6 62.4 63.2 64.2 64.8
 65.1 65.1 64.9 64.6 64.1 63.8 63.6 63.5 63.4 63.4
 63.6 63.8 64.2 64.8 65.6 66.1 66.4 66.4 66.2 65.5
 64.6 63.8 63.0 62.4 62.0 61.6 61.4 61.2
 X MESH =  59
 58.7 58.9 59.2 59.6 60.1 60.6 61.4 62.2 63.2 63.8
 64.1 64.0 63.8 63.3 62.8 62.4 62.2 62.1 62.0 62.1
 62.2 62.5 62.9 63.6 64.5 65.1 65.4 65.4 65.2 64.7
 63.8 63.1 62.3 61.8 61.3 61.0 60.8 60.7
 X MESH =  60
 58.0 58.1 58.4 58.8 59.2 59.7 60.3 61.1 61.9 62.5
 62.7 62.7 62.3 61.8 61.3 60.9 60.8 60.7 60.7 60.7
 60.9 61.2 61.5 62.2 63.1 63.7 64.0 64.1 64.0 63.5
 62.8 62.1 61.6 61.0 60.7 60.4 60.2 60.1
 X MESH =  61
 57.3 57.4 57.7 58.0 58.4 58.8 59.3 59.8 60.5 60.8
 61.0 60.9 60.5 60.1 59.6 59.4 59.3 59.3 59.3 59.4
 59.5 59.7 60.0 60.5 61.4 62.0 62.3 62.5 62.4 62.1
 61.5 61.1 60.6 60.3 60.0 59.9 59.7 59.6
 X MESH =  62
 56.8 57.0 57.1 57.4 57.6 58.0 58.2 58.7 59.0 59.3
 59.4 59.2 59.0 58.6 58.3 58.1 58.1 58.1 58.2 58.3
 58.4 58.5 58.8 59.3 59.9 60.5 60.8 60.9 61.0 60.7
 60.5 60.1 59.9 59.7 59.6 59.4 59.3 59.3
 X MESH =  63
 56.5 56.6 56.8 56.8 57.0 57.1 57.3 57.4 57.8 57.8
 57.9 57.8 57.6 57.5 57.2 57.2 57.2 57.2 57.2 57.3
 57.5 57.7 58.0 58.3 58.8 59.1 59.4 59.6 59.6 59.7
 59.4 59.4 59.2 59.2 59.1 59.1 59.1 59.0
 X MESH =  64
 56.4 56.5 56.5 56.6 56.5 56.5 56.6 56.7 56.8 56.8
 56.8 56.8 56.7 56.6 56.6 56.5 56.5 56.5 56.6 56.7
 56.8 57.1 57.3 57.6 57.9 58.2 58.4 58.6 58.7 58.7
 58.8 58.7 58.8 58.8 58.9 58.9 58.9 58.9
 X MESH =  65
 56.5 56.5 56.5 56.4 56.3 56.2 56.2 56.2 56.3 56.3
 56.3 56.3 56.2 56.2 56.1 56.1 56.1 56.2 56.3 56.4
 56.5 56.7 56.9 57.1 57.4 57.6 57.8 58.0 58.1 58.2
 58.3 58.4 58.4 58.6 58.8 58.9 58.9 59.0
 X MESH =  66
 56.5 56.5 56.5 56.4 56.2 56.1 56.0 56.0 56.1 56.1
 56.0 56.0 56.0 56.0 55.9 56.0 56.0 56.0 56.1 56.2
 56.3 56.5 56.7 56.9 57.1 57.3 57.5 57.7 57.8 57.9
 58.0 58.1 58.3 58.5 58.7 58.9 58.9 59.0
